c:\users\karans\dropbox\csd\kurslar\arcelik-eskisehir-cpp-dec-2020\src\samplecpp\debug\vc142.pdb
c:\users\karans\dropbox\csd\kurslar\arcelik-eskisehir-cpp-dec-2020\src\samplecpp\debug\vc142.idb
c:\users\karans\dropbox\csd\kurslar\arcelik-eskisehir-cpp-dec-2020\src\samplecpp\debug\worker.obj
c:\users\karans\dropbox\csd\kurslar\arcelik-eskisehir-cpp-dec-2020\src\samplecpp\debug\temperature.obj
c:\users\karans\dropbox\csd\kurslar\arcelik-eskisehir-cpp-dec-2020\src\samplecpp\debug\sample.obj
c:\users\karans\dropbox\csd\kurslar\arcelik-eskisehir-cpp-dec-2020\src\samplecpp\debug\salesmanager.obj
c:\users\karans\dropbox\csd\kurslar\arcelik-eskisehir-cpp-dec-2020\src\samplecpp\debug\point.obj
c:\users\karans\dropbox\csd\kurslar\arcelik-eskisehir-cpp-dec-2020\src\samplecpp\debug\parser.obj
c:\users\karans\dropbox\csd\kurslar\arcelik-eskisehir-cpp-dec-2020\src\samplecpp\debug\manager.obj
c:\users\karans\dropbox\csd\kurslar\arcelik-eskisehir-cpp-dec-2020\src\samplecpp\debug\humanresources.obj
c:\users\karans\dropbox\csd\kurslar\arcelik-eskisehir-cpp-dec-2020\src\samplecpp\debug\filesource.obj
c:\users\karans\dropbox\csd\kurslar\arcelik-eskisehir-cpp-dec-2020\src\samplecpp\debug\file.obj
c:\users\karans\dropbox\csd\kurslar\arcelik-eskisehir-cpp-dec-2020\src\samplecpp\debug\dynamicintarray.obj
c:\users\karans\dropbox\csd\kurslar\arcelik-eskisehir-cpp-dec-2020\src\samplecpp\debug\device.obj
c:\users\karans\dropbox\csd\kurslar\arcelik-eskisehir-cpp-dec-2020\src\samplecpp\debug\date.obj
c:\users\karans\dropbox\csd\kurslar\arcelik-eskisehir-cpp-dec-2020\src\samplecpp\debug\complex.obj
c:\users\karans\dropbox\csd\kurslar\arcelik-eskisehir-cpp-dec-2020\src\samplecpp\debug\circle.obj
c:\users\karans\dropbox\csd\kurslar\arcelik-eskisehir-cpp-dec-2020\src\samplecpp\debug\chararraysource.obj
c:\users\karans\dropbox\csd\kurslar\arcelik-eskisehir-cpp-dec-2020\src\samplecpp\debug\analyticalcircle.obj
c:\users\karans\dropbox\csd\kurslar\arcelik-eskisehir-cpp-dec-2020\src\samplecpp\debug\stringsource.obj
c:\users\karans\dropbox\csd\kurslar\arcelik-eskisehir-cpp-dec-2020\src\samplecpp\debug\utility.obj
c:\users\karans\dropbox\csd\kurslar\arcelik-eskisehir-cpp-dec-2020\src\samplecpp\debug\samplecpp.exe
c:\users\karans\dropbox\csd\kurslar\arcelik-eskisehir-cpp-dec-2020\src\samplecpp\debug\samplecpp.ilk
c:\users\karans\dropbox\csd\kurslar\arcelik-eskisehir-cpp-dec-2020\src\samplecpp\debug\samplecpp.pdb
c:\users\karans\dropbox\csd\kurslar\arcelik-eskisehir-cpp-dec-2020\src\samplecpp\debug\samplecpp.tlog\cl.command.1.tlog
c:\users\karans\dropbox\csd\kurslar\arcelik-eskisehir-cpp-dec-2020\src\samplecpp\debug\samplecpp.tlog\cl.read.1.tlog
c:\users\karans\dropbox\csd\kurslar\arcelik-eskisehir-cpp-dec-2020\src\samplecpp\debug\samplecpp.tlog\cl.write.1.tlog
c:\users\karans\dropbox\csd\kurslar\arcelik-eskisehir-cpp-dec-2020\src\samplecpp\debug\samplecpp.tlog\link.command.1.tlog
c:\users\karans\dropbox\csd\kurslar\arcelik-eskisehir-cpp-dec-2020\src\samplecpp\debug\samplecpp.tlog\link.read.1.tlog
c:\users\karans\dropbox\csd\kurslar\arcelik-eskisehir-cpp-dec-2020\src\samplecpp\debug\samplecpp.tlog\link.write.1.tlog
